<?xml version="1.0" encoding="UTF-8"?>
<!-- Generated by org.testng.reporters.JUnitReportReporter -->
<testsuite name="MetricsDistribution.MetircsDistribution" tests="2" time="7.018" ignored="0" failures="0" timestamp="26 Apr 2017 06:39:33 GMT" skipped="0" hostname="INPUN-PF0OCA0TJ" errors="0">
  <testcase name="navigateToHomePage" time="0.201" classname="MetricsDistribution.MetircsDistribution"/>
  <testcase name="navigateMeticsDistribution" time="6.817" classname="MetricsDistribution.MetircsDistribution"/>
</testsuite> <!-- MetricsDistribution.MetircsDistribution -->
