<?xml version="1.0" encoding="UTF-8"?>
<!-- Generated by org.testng.reporters.JUnitReportReporter -->
<testsuite name="Metrics.MetricsDist" tests="1" time="3.705" ignored="0" failures="0" timestamp="02 May 2017 10:22:50 GMT" skipped="0" hostname="INPUN-PF0OCA0TJ" errors="0">
  <testcase name="navigateMeticsDistribution" time="3.705" classname="Metrics.MetricsDist"/>
</testsuite> <!-- Metrics.MetricsDist -->
