<?xml version="1.0" encoding="UTF-8"?>
<!-- Generated by org.testng.reporters.JUnitReportReporter -->
<testsuite name="SubSystemDashboard.DuplicationDistribution" tests="1" time="3.408" ignored="0" failures="0" timestamp="23 Mar 2017 13:15:51 GMT" skipped="0" hostname="INPUN-PF0OCA0TJ" errors="0">
  <testcase name="navigateToDuplicationDistribution" time="3.408" classname="SubSystemDashboard.DuplicationDistribution"/>
</testsuite> <!-- SubSystemDashboard.DuplicationDistribution -->
