<?xml version="1.0" encoding="UTF-8"?>
<!-- Generated by org.testng.reporters.JUnitReportReporter -->
<testsuite name="CommonLibrary.homePage" tests="1" time="2.030" ignored="0" failures="0" timestamp="28 Apr 2017 07:46:05 GMT" skipped="0" hostname="INPUN-PF0OCA0TJ" errors="0">
  <testcase name="navigateBack" time="2.030" classname="CommonLibrary.homePage"/>
</testsuite> <!-- CommonLibrary.homePage -->
