<?xml version="1.0" encoding="UTF-8"?>
<!-- Generated by org.testng.reporters.JUnitReportReporter -->
<testsuite name="Components.Components" tests="1" time="4.143" ignored="0" failures="0" timestamp="02 May 2017 10:22:50 GMT" skipped="0" hostname="INPUN-PF0OCA0TJ" errors="0">
  <testcase name="navigateComponents" time="4.143" classname="Components.Components"/>
</testsuite> <!-- Components.Components -->
