<?xml version="1.0" encoding="UTF-8"?>
<!-- Generated by org.testng.reporters.JUnitReportReporter -->
<testsuite name="com.acellere.explorer.common.RegisterTenant" tests="1" time="2.194" ignored="1" failures="0" timestamp="27 Jul 2017 13:21:12 GMT" skipped="0" hostname="INPUN-PF0CA0TJ" errors="0">
  <testcase name="RegistrationDetails" time="2.194" classname="com.acellere.explorer.common.RegisterTenant"/>
  <testcase name="addSubSystem" classname="com.acellere.admin.project.createProject">
    <skipped/>
  </testcase> <!-- addSubSystem -->
</testsuite> <!-- com.acellere.explorer.common.RegisterTenant -->
