<?xml version="1.0" encoding="UTF-8"?>
<!-- Generated by org.testng.reporters.JUnitReportReporter -->
<testsuite name="com.acellere.explorer.subsystemdashboard.SubSystemDashboard" tests="3" time="0.003" ignored="0" failures="0" timestamp="11 Jul 2017 11:20:34 GMT" skipped="2" hostname="INPUN-PF0CA0TJ" errors="1">
  <testcase name="verifyPanels" time="0.002" classname="com.acellere.explorer.subsystemdashboard.SubSystemDashboard">
    <skipped/>
  </testcase> <!-- verifyPanels -->
  <testcase name="initDriver" time="0.000" classname="com.acellere.explorer.subsystemdashboard.SubSystemDashboard">
    <error type="java.lang.NullPointerException">
      <![CDATA[java.lang.NullPointerException
	at com.acellere.explorer.common.BeforePageLoad.assignDriver(BeforePageLoad.java:19)
	at com.acellere.explorer.subsystemdashboard.SubSystemDashboard.initDriver(SubSystemDashboard.java:31)
	at sun.reflect.NativeMethodAccessorImpl.invoke0(Native Method)
	at sun.reflect.NativeMethodAccessorImpl.invoke(NativeMethodAccessorImpl.java:62)
	at sun.reflect.DelegatingMethodAccessorImpl.invoke(DelegatingMethodAccessorImpl.java:43)
	at java.lang.reflect.Method.invoke(Method.java:498)
	at org.testng.internal.MethodInvocationHelper.invokeMethod(MethodInvocationHelper.java:104)
	at org.testng.internal.Invoker.invokeConfigurationMethod(Invoker.java:515)
	at org.testng.internal.Invoker.invokeConfigurations(Invoker.java:217)
	at org.testng.internal.Invoker.invokeConfigurations(Invoker.java:144)
	at org.testng.internal.TestMethodWorker.invokeBeforeClassMethods(TestMethodWorker.java:169)
	at org.testng.internal.TestMethodWorker.run(TestMethodWorker.java:108)
	at org.testng.TestRunner.privateRun(TestRunner.java:756)
	at org.testng.TestRunner.run(TestRunner.java:610)
	at org.testng.SuiteRunner.runTest(SuiteRunner.java:387)
	at org.testng.SuiteRunner.runSequentially(SuiteRunner.java:382)
	at org.testng.SuiteRunner.privateRun(SuiteRunner.java:340)
	at org.testng.SuiteRunner.run(SuiteRunner.java:289)
	at org.testng.SuiteRunnerWorker.runSuite(SuiteRunnerWorker.java:52)
	at org.testng.SuiteRunnerWorker.run(SuiteRunnerWorker.java:86)
	at org.testng.TestNG.runSuitesSequentially(TestNG.java:1293)
	at org.testng.TestNG.runSuitesLocally(TestNG.java:1218)
	at org.testng.TestNG.runSuites(TestNG.java:1133)
	at org.testng.TestNG.run(TestNG.java:1104)
	at org.testng.remote.AbstractRemoteTestNG.run(AbstractRemoteTestNG.java:132)
	at org.testng.remote.RemoteTestNG.initAndRun(RemoteTestNG.java:230)
	at org.testng.remote.RemoteTestNG.main(RemoteTestNG.java:76)
]]>
    </error>
  </testcase> <!-- initDriver -->
  <testcase name="navigateSubSystemOverviewPanel" time="0.001" classname="com.acellere.explorer.subsystemdashboard.SubSystemDashboard">
    <skipped/>
  </testcase> <!-- navigateSubSystemOverviewPanel -->
</testsuite> <!-- com.acellere.explorer.subsystemdashboard.SubSystemDashboard -->
