<?xml version="1.0" encoding="UTF-8"?>
<!-- Generated by org.testng.reporters.JUnitReportReporter -->
<testsuite name="CommanLibrary.GammaLogout" tests="1" time="0.003" ignored="0" failures="0" timestamp="16 Mar 2017 11:28:04 GMT" skipped="1" hostname="INPUN-PF0OCA0TJ" errors="0">
  <testcase name="logout" time="0.003" classname="CommanLibrary.GammaLogout">
    <skipped/>
  </testcase> <!-- logout -->
</testsuite> <!-- CommanLibrary.GammaLogout -->
