<?xml version="1.0" encoding="UTF-8"?>
<!-- Generated by org.testng.reporters.JUnitReportReporter -->
<testsuite name="Teams.TeamList" tests="1" time="10.622" ignored="0" failures="0" timestamp="02 May 2017 10:22:50 GMT" skipped="0" hostname="INPUN-PF0OCA0TJ" errors="0">
  <testcase name="searchTeams" time="10.622" classname="Teams.TeamList"/>
</testsuite> <!-- Teams.TeamList -->
