<?xml version="1.0" encoding="UTF-8"?>
<!-- Generated by org.testng.reporters.JUnitReportReporter -->
<testsuite name="com.acellere.admin.User.userDetails" tests="1" time="2.481" ignored="0" failures="0" timestamp="14 Jul 2017 12:57:00 GMT" skipped="0" hostname="INPUN-PF0CA0TJ" errors="0">
  <testcase name="navigateUserDetails" time="2.481" classname="com.acellere.admin.User.userDetails"/>
</testsuite> <!-- com.acellere.admin.User.userDetails -->
