<?xml version="1.0" encoding="UTF-8"?>
<!-- Generated by org.testng.reporters.JUnitReportReporter -->
<testsuite skipped="0" hostname="shekhar-ThinkPad-T440" name="jsonvalidators.GenerateBearerToken" tests="1" failures="0" timestamp="17 Feb 2019 09:31:12 GMT" time="6.215" errors="0">
  <testcase name="getAccessToken" time="6.215" classname="jsonvalidators.GenerateBearerToken"/>
</testsuite> <!-- jsonvalidators.GenerateBearerToken -->
