<?xml version="1.0" encoding="UTF-8"?>
<!-- Generated by org.testng.reporters.JUnitReportReporter -->
<testsuite name="Project.ProjectListNew" tests="5" time="15.826" ignored="0" failures="0" timestamp="02 May 2017 10:22:50 GMT" skipped="0" hostname="INPUN-PF0OCA0TJ" errors="0">
  <testcase name="count_project" time="3.054" classname="Project.ProjectListNew"/>
  <testcase name="sort_by_name" time="0.681" classname="Project.ProjectListNew"/>
  <testcase name="sort_by_rating" time="4.257" classname="Project.ProjectListNew"/>
  <testcase name="sort_by_size" time="7.346" classname="Project.ProjectListNew"/>
  <testcase name="displayProjectDetails" time="0.488" classname="Project.ProjectListNew"/>
</testsuite> <!-- Project.ProjectListNew -->
