<?xml version="1.0" encoding="UTF-8"?>
<!-- Generated by org.testng.reporters.JUnitReportReporter -->
<testsuite name="com.acellere.admin.project" tests="3" time="9.282" ignored="0" failures="0" timestamp="03 May 2017 16:01:54 GMT" skipped="0" hostname="INPUN-PF0OCA0TJ" errors="0">
  <testcase name="searchProject" time="3.851" classname="com.acellere.admin.project"/>
  <testcase name="navigateToProjectPage" time="4.813" classname="com.acellere.admin.project"/>
  <testcase name="addProject" time="0.618" classname="com.acellere.admin.project"/>
</testsuite> <!-- com.acellere.admin.project -->
