<?xml version="1.0" encoding="UTF-8"?>
<!-- Generated by org.testng.reporters.JUnitReportReporter -->
<testsuite name="SubSystemDashboard.SubSystemOverviewPanel" tests="1" time="7.633" ignored="0" failures="0" timestamp="02 May 2017 09:56:28 GMT" skipped="0" hostname="INPUN-PF0OCA0TJ" errors="0">
  <testcase name="navigateSubSystemOverviewPanel" time="7.633" classname="SubSystemDashboard.SubSystemOverviewPanel"/>
</testsuite> <!-- SubSystemDashboard.SubSystemOverviewPanel -->
