<?xml version="1.0" encoding="UTF-8"?>
<!-- Generated by org.testng.reporters.JUnitReportReporter -->
<testsuite name="SubSystemDashboard.SubSystemDashboard" tests="2" time="5.484" ignored="0" failures="0" timestamp="02 May 2017 10:22:50 GMT" skipped="0" hostname="INPUN-PF0OCA0TJ" errors="0">
  <testcase name="verifyPanels" time="0.158" classname="SubSystemDashboard.SubSystemDashboard"/>
  <testcase name="navigateSubSystemOverviewPanel" time="5.326" classname="SubSystemDashboard.SubSystemDashboard"/>
</testsuite> <!-- SubSystemDashboard.SubSystemDashboard -->
