<?xml version="1.0" encoding="UTF-8"?>
<!-- Generated by org.testng.reporters.JUnitReportReporter -->
<testsuite name="DuplicationDistribution.DuplicationDistribution" tests="2" time="6.901" ignored="0" failures="0" timestamp="26 Apr 2017 06:28:33 GMT" skipped="0" hostname="INPUN-PF0OCA0TJ" errors="0">
  <testcase name="navigateToHomePage" time="0.190" classname="DuplicationDistribution.DuplicationDistribution"/>
  <testcase name="navigateToDuplicationDistribution" time="6.711" classname="DuplicationDistribution.DuplicationDistribution"/>
</testsuite> <!-- DuplicationDistribution.DuplicationDistribution -->
