<?xml version="1.0" encoding="UTF-8"?>
<!-- Generated by org.testng.reporters.JUnitReportReporter -->
<testsuite name="HotSpotDistribution.HotSpotDistribution" tests="1" time="8.315" ignored="0" failures="0" timestamp="25 Apr 2017 09:16:33 GMT" skipped="0" hostname="INPUN-PF0OCA0TJ" errors="0">
  <testcase name="navigateHotSpotDistribution" time="8.315" classname="HotSpotDistribution.HotSpotDistribution"/>
</testsuite> <!-- HotSpotDistribution.HotSpotDistribution -->
