<?xml version="1.0" encoding="UTF-8"?>
<!-- Generated by org.testng.reporters.JUnitReportReporter -->
<testsuite name="com.acellere.admin.Subsystem.createSubsystem" tests="1" time="4.863" ignored="0" failures="0" timestamp="27 Jul 2017 14:04:43 GMT" skipped="0" hostname="INPUN-PF0CA0TJ" errors="0">
  <testcase name="addSubsystem" time="4.863" classname="com.acellere.admin.Subsystem.createSubsystem"/>
</testsuite> <!-- com.acellere.admin.Subsystem.createSubsystem -->
