<?xml version="1.0" encoding="UTF-8"?>
<!-- Generated by org.testng.reporters.JUnitReportReporter -->
<testsuite name="com.acellere.admin.User.addUser" tests="1" time="3.053" ignored="0" failures="0" timestamp="14 Jul 2017 07:35:23 GMT" skipped="0" hostname="INPUN-PF0CA0TJ" errors="0">
  <testcase name="addnewUSer" time="3.053" classname="com.acellere.admin.User.addUser"/>
</testsuite> <!-- com.acellere.admin.User.addUser -->
