<?xml version="1.0" encoding="UTF-8"?>
<!-- Generated by org.testng.reporters.JUnitReportReporter -->
<testsuite name="SubSystemDashboard.Heatmap" tests="2" time="18.681" ignored="0" failures="0" timestamp="23 Mar 2017 14:00:30 GMT" skipped="0" hostname="INPUN-PF0OCA0TJ" errors="0">
  <testcase name="navigateHeatMap" time="3.484" classname="SubSystemDashboard.Heatmap"/>
  <testcase name="login" time="15.197" classname="SubSystemDashboard.Heatmap"/>
</testsuite> <!-- SubSystemDashboard.Heatmap -->
