<?xml version="1.0" encoding="UTF-8"?>
<!-- Generated by org.testng.reporters.JUnitReportReporter -->
<testsuite name="com.acellere.admin.ProjectCreate" tests="1" time="4.911" ignored="2" failures="0" timestamp="27 Jul 2017 05:49:39 GMT" skipped="0" hostname="INPUN-PF0CA0TJ" errors="0">
  <testcase name="navigateToProjectPage" time="4.911" classname="com.acellere.admin.ProjectCreate"/>
  <testcase name="addProject" classname="com.acellere.admin.ProjectCreate">
    <skipped/>
  </testcase> <!-- addProject -->
  <testcase name="searchProject" classname="com.acellere.admin.ProjectCreate">
    <skipped/>
  </testcase> <!-- searchProject -->
</testsuite> <!-- com.acellere.admin.ProjectCreate -->
