<?xml version="1.0" encoding="UTF-8"?>
<!-- Generated by org.testng.reporters.JUnitReportReporter -->
<testsuite name="Project.ProjectList" tests="5" time="25.380" ignored="0" failures="0" timestamp="21 Mar 2017 06:45:40 GMT" skipped="0" hostname="INPUN-PF0OCA0TJ" errors="0">
  <testcase name="sort_by_size" time="10.123" classname="Project.ProjectList"/>
  <testcase name="count_project" time="3.290" classname="Project.ProjectList"/>
  <testcase name="displayProjectDetails" time="0.498" classname="Project.ProjectList"/>
  <testcase name="sort_by_rating" time="8.743" classname="Project.ProjectList"/>
  <testcase name="sort_by_name" time="2.726" classname="Project.ProjectList"/>
</testsuite> <!-- Project.ProjectList -->
