<?xml version="1.0" encoding="UTF-8"?>
<!-- Generated by org.testng.reporters.JUnitReportReporter -->
<testsuite name="HotSpotDistribution.HotSpotPage" tests="2" time="7.706" ignored="0" failures="0" timestamp="26 Apr 2017 06:34:09 GMT" skipped="0" hostname="INPUN-PF0OCA0TJ" errors="0">
  <testcase name="navigateHotSpotDistribution" time="7.523" classname="HotSpotDistribution.HotSpotPage"/>
  <testcase name="navigateToHomePage" time="0.183" classname="HotSpotDistribution.HotSpotPage"/>
</testsuite> <!-- HotSpotDistribution.HotSpotPage -->
