<?xml version="1.0" encoding="UTF-8"?>
<!-- Generated by org.testng.reporters.JUnitReportReporter -->
<testsuite name="SubSystemDashboard.SubSystemOverviewPanelNew" tests="2" time="17.528" ignored="0" failures="0" timestamp="24 Apr 2017 10:33:59 GMT" skipped="0" hostname="INPUN-PF0OCA0TJ" errors="0">
  <testcase name="login" time="14.058" classname="SubSystemDashboard.SubSystemOverviewPanelNew"/>
  <testcase name="navigateSubSystemOverviewPanel" time="3.470" classname="SubSystemDashboard.SubSystemOverviewPanelNew"/>
</testsuite> <!-- SubSystemDashboard.SubSystemOverviewPanelNew -->
