<?xml version="1.0" encoding="UTF-8"?>
<!-- Generated by org.testng.reporters.JUnitReportReporter -->
<testsuite name="CodeIssues.CodeIssueDistribution" tests="2" time="7.041" ignored="0" failures="0" timestamp="26 Apr 2017 07:00:46 GMT" skipped="0" hostname="INPUN-PF0OCA0TJ" errors="0">
  <testcase name="navigateToHomePage" time="0.208" classname="CodeIssues.CodeIssueDistribution"/>
  <testcase name="navigateCodeIssueDistribution" time="6.833" classname="CodeIssues.CodeIssueDistribution"/>
</testsuite> <!-- CodeIssues.CodeIssueDistribution -->
