<?xml version="1.0" encoding="UTF-8"?>
<!-- Generated by org.testng.reporters.JUnitReportReporter -->
<testsuite name="CommanLibrary.GammaLogin" tests="1" time="6.546" ignored="0" failures="0" timestamp="03 Apr 2017 08:39:50 GMT" skipped="0" hostname="INPUN-PF0OCA0TJ" errors="0">
  <testcase name="login" time="6.546" classname="CommanLibrary.GammaLogin"/>
</testsuite> <!-- CommanLibrary.GammaLogin -->
