<?xml version="1.0" encoding="UTF-8"?>
<!-- Generated by org.testng.reporters.JUnitReportReporter -->
<testsuite name="Duplication.DuplicationDistribution" tests="2" time="7.239" ignored="0" failures="0" timestamp="26 Apr 2017 07:00:46 GMT" skipped="0" hostname="INPUN-PF0OCA0TJ" errors="0">
  <testcase name="navigateToHomePage" time="0.242" classname="Duplication.DuplicationDistribution"/>
  <testcase name="navigateToDuplicationDistribution" time="6.997" classname="Duplication.DuplicationDistribution"/>
</testsuite> <!-- Duplication.DuplicationDistribution -->
