<?xml version="1.0" encoding="UTF-8"?>
<!-- Generated by org.testng.reporters.JUnitReportReporter -->
<testsuite name="Project.Project" tests="1" time="69.478" ignored="0" failures="0" timestamp="16 Mar 2017 13:11:24 GMT" skipped="0" hostname="INPUN-PF0OCA0TJ" errors="0">
  <testcase name="count_project" time="69.478" classname="Project.Project"/>
</testsuite> <!-- Project.Project -->
