<?xml version="1.0" encoding="UTF-8"?>
<!-- Generated by org.testng.reporters.JUnitReportReporter -->
<testsuite name="KpiDashboard.KpiDashboard" tests="2" time="26.034" ignored="0" failures="0" timestamp="24 Mar 2017 10:34:20 GMT" skipped="0" hostname="INPUN-PF0OCA0TJ" errors="0">
  <testcase name="navigateKpiDashboard" time="10.224" classname="KpiDashboard.KpiDashboard"/>
  <testcase name="login" time="15.810" classname="KpiDashboard.KpiDashboard"/>
</testsuite> <!-- KpiDashboard.KpiDashboard -->
