<?xml version="1.0" encoding="UTF-8"?>
<!-- Generated by org.testng.reporters.JUnitReportReporter -->
<testsuite name="Project.SearchProject" tests="1" time="2.007" ignored="0" failures="0" timestamp="27 Apr 2017 08:32:08 GMT" skipped="0" hostname="INPUN-PF0OCA0TJ" errors="0">
  <testcase name="search" time="2.007" classname="Project.SearchProject"/>
</testsuite> <!-- Project.SearchProject -->
