<?xml version="1.0" encoding="UTF-8"?>
<!-- Generated by org.testng.reporters.JUnitReportReporter -->
<testsuite name="com.acellere.admin.Subsystem.subsystem" tests="1" time="5.408" ignored="0" failures="0" timestamp="21 Jul 2017 06:08:45 GMT" skipped="0" hostname="INPUN-PF0CA0TJ" errors="0">
  <testcase name="addSubsystem" time="5.408" classname="com.acellere.admin.Subsystem.subsystem"/>
</testsuite> <!-- com.acellere.admin.Subsystem.subsystem -->
