<?xml version="1.0" encoding="UTF-8"?>
<!-- Generated by org.testng.reporters.JUnitReportReporter -->
<testsuite name="com.acellere.explorer.common.Register" tests="1" time="8.959" ignored="0" failures="0" timestamp="27 Jul 2017 07:00:33 GMT" skipped="0" hostname="INPUN-PF0CA0TJ" errors="0">
  <testcase name="RegistrationDetails" time="8.959" classname="com.acellere.explorer.common.Register"/>
</testsuite> <!-- com.acellere.explorer.common.Register -->
