<?xml version="1.0" encoding="UTF-8"?>
<!-- Generated by org.testng.reporters.JUnitReportReporter -->
<testsuite name="DesignIssuesDistribution.DesignIssueDist" tests="2" time="6.883" ignored="0" failures="0" timestamp="26 Apr 2017 06:27:12 GMT" skipped="0" hostname="INPUN-PF0OCA0TJ" errors="0">
  <testcase name="navigateToHomePage" time="0.173" classname="DesignIssuesDistribution.DesignIssueDist"/>
  <testcase name="navigateDesignIssueDistribution" time="6.710" classname="DesignIssuesDistribution.DesignIssueDist"/>
</testsuite> <!-- DesignIssuesDistribution.DesignIssueDist -->
