<?xml version="1.0" encoding="UTF-8"?>
<!-- Generated by org.testng.reporters.JUnitReportReporter -->
<testsuite name="CodeIssuesDistribution.CodeIssueDistribution" tests="2" time="6.881" ignored="0" failures="0" timestamp="26 Apr 2017 06:25:57 GMT" skipped="0" hostname="INPUN-PF0OCA0TJ" errors="0">
  <testcase name="navigateToHomePage" time="0.209" classname="CodeIssuesDistribution.CodeIssueDistribution"/>
  <testcase name="navigateCodeIssueDistribution" time="6.672" classname="CodeIssuesDistribution.CodeIssueDistribution"/>
</testsuite> <!-- CodeIssuesDistribution.CodeIssueDistribution -->
