<?xml version="1.0" encoding="UTF-8"?>
<!-- Generated by org.testng.reporters.JUnitReportReporter -->
<testsuite name="Issues.Issues" tests="2" time="21.996" ignored="0" failures="0" timestamp="25 Apr 2017 10:52:33 GMT" skipped="0" hostname="INPUN-PF0OCA0TJ" errors="0">
  <testcase name="login" time="15.511" classname="Issues.Issues"/>
  <testcase name="navigateIssues" time="6.485" classname="Issues.Issues"/>
</testsuite> <!-- Issues.Issues -->
