<?xml version="1.0" encoding="UTF-8"?>
<!-- Generated by org.testng.reporters.JUnitReportReporter -->
<testsuite name="CommonLibrary.GammaLogin" tests="1" time="5.526" ignored="0" failures="0" timestamp="02 May 2017 10:22:50 GMT" skipped="0" hostname="INPUN-PF0OCA0TJ" errors="0">
  <testcase name="login" time="5.526" classname="CommonLibrary.GammaLogin"/>
</testsuite> <!-- CommonLibrary.GammaLogin -->
