<?xml version="1.0" encoding="UTF-8"?>
<!-- Generated by org.testng.reporters.JUnitReportReporter -->
<testsuite name="Tasks.Tasks" tests="3" time="17.817" ignored="0" failures="0" timestamp="25 Apr 2017 13:51:36 GMT" skipped="0" hostname="INPUN-PF0OCA0TJ" errors="0">
  <testcase name="navigateTasks" time="3.236" classname="Tasks.Tasks"/>
  <testcase name="navigateToHomePage" time="0.163" classname="Tasks.Tasks"/>
  <testcase name="login" time="14.418" classname="Tasks.Tasks"/>
</testsuite> <!-- Tasks.Tasks -->
